<?xml version="1.0" encoding="UTF-8"?>
<!-- Generated by org.testng.reporters.JUnitReportReporter -->
<testsuite hostname="TYSS-Prabhat" failures="0" tests="2" name="com.amazon.testcase.NaukriResumeRefresh" time="74.791" errors="0" timestamp="2023-11-01T11:06:48 IST" skipped="0">
  <testcase classname="com.amazon.testcase.NaukriResumeRefresh" name="refreshresume" time="36.980"/>
  <system-out/>
  <testcase classname="com.amazon.testcase.NaukriResumeRefresh" name="refreshresume" time="37.811"/>
  <system-out/>
</testsuite> <!-- com.amazon.testcase.NaukriResumeRefresh -->
