<?xml version="1.0" encoding="UTF-8"?>
<!-- Generated by org.testng.reporters.JUnitReportReporter -->
<testsuite hostname="TYSS-Prabhat" failures="0" tests="1" name="com.amazon.testcase.NaukriResumeRefresh" time="34.470" errors="0" timestamp="2023-10-29T10:14:08 IST" skipped="0">
  <testcase classname="com.amazon.testcase.NaukriResumeRefresh" name="refreshresume" time="34.470"/>
  <system-out/>
</testsuite> <!-- com.amazon.testcase.NaukriResumeRefresh -->
