<?xml version="1.0" encoding="UTF-8"?>
<!-- Generated by org.testng.reporters.JUnitReportReporter -->
<testsuite hostname="TYSS-Prabhat" failures="0" tests="1" name="com.amazon.testcase.NaukriResumeRefresh" time="47.458" errors="0" timestamp="2023-10-28T19:06:24 IST" skipped="0">
  <testcase classname="com.amazon.testcase.NaukriResumeRefresh" name="refreshresume" time="47.458"/>
  <system-out/>
</testsuite> <!-- com.amazon.testcase.NaukriResumeRefresh -->
